2023-03-13 19:03:39,132 INFO MainThread-139999190094208: Database already contains the data! [in __init__.py:41]
2023-03-13 19:03:39,140 INFO MainThread-139999190094208: Starting the Currency rate flask app... [in __init__.py:73]
2023-03-13 19:03:39,140 INFO MainThread-139999190094208: Starting the Currency rate flask app... [in __init__.py:73]
2023-03-13 19:03:39,142 INFO MainThread-139999190094208: Database already contains the data! [in __init__.py:41]
2023-03-13 19:03:39,142 INFO MainThread-139999190094208: Database already contains the data! [in __init__.py:41]
2023-03-13 19:03:39,142 INFO MainThread-139999190094208: Getting response from movements calculation url [in test_rates.py:60]
2023-03-13 19:03:39,142 INFO MainThread-139999190094208: Getting response from movements calculation url [in test_rates.py:60]
2023-03-13 19:03:39,154 INFO MainThread-139999190094208: Successfully calculate movements. [in routes.py:110]
2023-03-13 19:03:39,154 INFO MainThread-139999190094208: Successfully calculate movements. [in routes.py:110]
2023-03-13 19:07:11,001 INFO MainThread-140511269376384: Starting the Currency rate flask app... [in __init__.py:73]
2023-03-13 19:07:11,026 INFO MainThread-140511269376384: Database already contains the data! [in __init__.py:41]
2023-03-20 19:44:17,233 INFO MainThread-140034481045888: Starting the Currency rate flask app... [in __init__.py:73]
2023-03-20 19:44:17,383 INFO MainThread-140034481045888: Database already contains the data! [in __init__.py:41]
2023-03-20 19:44:17,443 INFO MainThread-140034481045888: Starting the Currency rate flask app... [in __init__.py:73]
2023-03-20 19:44:17,443 INFO MainThread-140034481045888: Starting the Currency rate flask app... [in __init__.py:73]
2023-03-20 19:44:17,444 INFO MainThread-140034481045888: Database already contains the data! [in __init__.py:41]
2023-03-20 19:44:17,444 INFO MainThread-140034481045888: Database already contains the data! [in __init__.py:41]
2023-03-20 19:44:17,445 INFO MainThread-140034481045888: getting response for home url [in test_rates.py:32]
2023-03-20 19:44:17,445 INFO MainThread-140034481045888: getting response for home url [in test_rates.py:32]
2023-03-20 19:44:17,472 INFO MainThread-140034481045888: Starting the Currency rate flask app... [in __init__.py:73]
2023-03-20 19:44:17,472 INFO MainThread-140034481045888: Starting the Currency rate flask app... [in __init__.py:73]
2023-03-20 19:44:17,472 INFO MainThread-140034481045888: Starting the Currency rate flask app... [in __init__.py:73]
2023-03-20 19:44:17,474 INFO MainThread-140034481045888: Database already contains the data! [in __init__.py:41]
2023-03-20 19:44:17,474 INFO MainThread-140034481045888: Database already contains the data! [in __init__.py:41]
2023-03-20 19:44:17,474 INFO MainThread-140034481045888: Database already contains the data! [in __init__.py:41]
2023-03-20 19:44:17,479 INFO MainThread-140034481045888: Starting the Currency rate flask app... [in __init__.py:73]
2023-03-20 19:44:17,479 INFO MainThread-140034481045888: Starting the Currency rate flask app... [in __init__.py:73]
2023-03-20 19:44:17,479 INFO MainThread-140034481045888: Starting the Currency rate flask app... [in __init__.py:73]
2023-03-20 19:44:17,479 INFO MainThread-140034481045888: Starting the Currency rate flask app... [in __init__.py:73]
2023-03-20 19:44:17,480 INFO MainThread-140034481045888: Database already contains the data! [in __init__.py:41]
2023-03-20 19:44:17,480 INFO MainThread-140034481045888: Database already contains the data! [in __init__.py:41]
2023-03-20 19:44:17,480 INFO MainThread-140034481045888: Database already contains the data! [in __init__.py:41]
2023-03-20 19:44:17,480 INFO MainThread-140034481045888: Database already contains the data! [in __init__.py:41]
2023-03-20 19:44:17,480 INFO MainThread-140034481045888: getting response from currency url [in test_rates.py:45]
2023-03-20 19:44:17,480 INFO MainThread-140034481045888: getting response from currency url [in test_rates.py:45]
2023-03-20 19:44:17,480 INFO MainThread-140034481045888: getting response from currency url [in test_rates.py:45]
2023-03-20 19:44:17,480 INFO MainThread-140034481045888: getting response from currency url [in test_rates.py:45]
2023-03-20 19:44:17,492 INFO MainThread-140034481045888: Request to create DB [in routes.py:59]
2023-03-20 19:44:17,492 INFO MainThread-140034481045888: Request to create DB [in routes.py:59]
2023-03-20 19:44:17,492 INFO MainThread-140034481045888: Request to create DB [in routes.py:59]
2023-03-20 19:44:17,492 INFO MainThread-140034481045888: Request to create DB [in routes.py:59]
2023-03-20 19:44:17,500 INFO MainThread-140034481045888: Starting the Currency rate flask app... [in __init__.py:73]
2023-03-20 19:44:17,500 INFO MainThread-140034481045888: Starting the Currency rate flask app... [in __init__.py:73]
2023-03-20 19:44:17,500 INFO MainThread-140034481045888: Starting the Currency rate flask app... [in __init__.py:73]
2023-03-20 19:44:17,500 INFO MainThread-140034481045888: Starting the Currency rate flask app... [in __init__.py:73]
2023-03-20 19:44:17,500 INFO MainThread-140034481045888: Starting the Currency rate flask app... [in __init__.py:73]
2023-03-20 19:44:17,502 INFO MainThread-140034481045888: Database already contains the data! [in __init__.py:41]
2023-03-20 19:44:17,502 INFO MainThread-140034481045888: Database already contains the data! [in __init__.py:41]
2023-03-20 19:44:17,502 INFO MainThread-140034481045888: Database already contains the data! [in __init__.py:41]
2023-03-20 19:44:17,502 INFO MainThread-140034481045888: Database already contains the data! [in __init__.py:41]
2023-03-20 19:44:17,502 INFO MainThread-140034481045888: Database already contains the data! [in __init__.py:41]
2023-03-20 19:44:17,509 INFO MainThread-140034481045888: Starting the Currency rate flask app... [in __init__.py:73]
2023-03-20 19:44:17,509 INFO MainThread-140034481045888: Starting the Currency rate flask app... [in __init__.py:73]
2023-03-20 19:44:17,509 INFO MainThread-140034481045888: Starting the Currency rate flask app... [in __init__.py:73]
2023-03-20 19:44:17,509 INFO MainThread-140034481045888: Starting the Currency rate flask app... [in __init__.py:73]
2023-03-20 19:44:17,509 INFO MainThread-140034481045888: Starting the Currency rate flask app... [in __init__.py:73]
2023-03-20 19:44:17,509 INFO MainThread-140034481045888: Starting the Currency rate flask app... [in __init__.py:73]
2023-03-20 19:44:17,511 INFO MainThread-140034481045888: Database already contains the data! [in __init__.py:41]
2023-03-20 19:44:17,511 INFO MainThread-140034481045888: Database already contains the data! [in __init__.py:41]
2023-03-20 19:44:17,511 INFO MainThread-140034481045888: Database already contains the data! [in __init__.py:41]
2023-03-20 19:44:17,511 INFO MainThread-140034481045888: Database already contains the data! [in __init__.py:41]
2023-03-20 19:44:17,511 INFO MainThread-140034481045888: Database already contains the data! [in __init__.py:41]
2023-03-20 19:44:17,511 INFO MainThread-140034481045888: Database already contains the data! [in __init__.py:41]
2023-03-20 19:44:17,512 INFO MainThread-140034481045888: Getting response from movements calculation url [in test_rates.py:60]
2023-03-20 19:44:17,512 INFO MainThread-140034481045888: Getting response from movements calculation url [in test_rates.py:60]
2023-03-20 19:44:17,512 INFO MainThread-140034481045888: Getting response from movements calculation url [in test_rates.py:60]
2023-03-20 19:44:17,512 INFO MainThread-140034481045888: Getting response from movements calculation url [in test_rates.py:60]
2023-03-20 19:44:17,512 INFO MainThread-140034481045888: Getting response from movements calculation url [in test_rates.py:60]
2023-03-20 19:44:17,512 INFO MainThread-140034481045888: Getting response from movements calculation url [in test_rates.py:60]
2023-03-20 19:44:17,537 INFO MainThread-140034481045888: Successfully calculate movements. [in routes.py:110]
2023-03-20 19:44:17,537 INFO MainThread-140034481045888: Successfully calculate movements. [in routes.py:110]
2023-03-20 19:44:17,537 INFO MainThread-140034481045888: Successfully calculate movements. [in routes.py:110]
2023-03-20 19:44:17,537 INFO MainThread-140034481045888: Successfully calculate movements. [in routes.py:110]
2023-03-20 19:44:17,537 INFO MainThread-140034481045888: Successfully calculate movements. [in routes.py:110]
2023-03-20 19:44:17,537 INFO MainThread-140034481045888: Successfully calculate movements. [in routes.py:110]
